2024-12-09 01:11:35,090 [Worker-4: Loading available Gradle versions] INFO  o.e.b.c.i.u.g.PublishedGradleVersions - Gradle version information cache is up-to-date. Trying to read.
2024-12-09 01:14:41,088 [ModalContext] INFO  o.e.m.c.i.e.AbstractTransferListenerAdapter - Downloaded https://repo.maven.apache.org/maven2/com/appium/automation/com.appium.automation/0.01/com.appium.automation-0.01.pom
2024-12-09 01:14:41,095 [ModalContext] ERROR o.e.m.c.u.i.w.MavenProjectWizardArchetypePage - Can't resolve Archetype com.appium.automation:com.appium.automation:0.01
org.eclipse.core.runtime.CoreException: Could not resolve artifact com.appium.automation:com.appium.automation:pom:0.01
	at org.eclipse.m2e.core.internal.embedder.MavenImpl.lambda$7(MavenImpl.java:540)
	at org.eclipse.m2e.core.internal.embedder.MavenExecutionContext.executeBare(MavenExecutionContext.java:458)
	at org.eclipse.m2e.core.internal.embedder.MavenExecutionContext.execute(MavenExecutionContext.java:339)
	at org.eclipse.m2e.core.internal.embedder.MavenExecutionContext.execute(MavenExecutionContext.java:278)
	at org.eclipse.m2e.core.internal.embedder.MavenImpl.resolve(MavenImpl.java:509)
	at org.eclipse.m2e.core.internal.embedder.MavenImpl.resolve(MavenImpl.java:494)
	at org.eclipse.m2e.core.ui.internal.wizards.MavenProjectWizardArchetypePage.lambda$18(MavenProjectWizardArchetypePage.java:726)
	at org.eclipse.jface.operation.ModalContext$ModalContextThread.run(ModalContext.java:124)
2024-12-09 01:19:07,959 [Worker-34: Launching mavenrun-c8cb4963-0a49-4c55-a425-0002df20b28c] INFO  o.eclipse.m2e.core.internal.Bundles - getClasspathEntries(Bundle=org.eclipse.m2e.maven.runtime_3.9.900.20240824-1409 [299])
2024-12-09 01:19:07,961 [Worker-34: Launching mavenrun-c8cb4963-0a49-4c55-a425-0002df20b28c] INFO  o.eclipse.m2e.core.internal.Bundles - 	Entry: C:\Users\Sriram\.p2\pool\plugins\org.eclipse.m2e.maven.runtime_3.9.900.20240824-1409
2024-12-09 01:19:07,961 [Worker-34: Launching mavenrun-c8cb4963-0a49-4c55-a425-0002df20b28c] INFO  o.eclipse.m2e.core.internal.Bundles - 	Entry: C:\Users\Sriram\.p2\pool\plugins\org.eclipse.m2e.maven.runtime_3.9.900.20240824-1409\jars\aopalliance-1.0.jar
2024-12-09 01:19:07,961 [Worker-34: Launching mavenrun-c8cb4963-0a49-4c55-a425-0002df20b28c] INFO  o.eclipse.m2e.core.internal.Bundles - 	Entry: C:\Users\Sriram\.p2\pool\plugins\org.eclipse.m2e.maven.runtime_3.9.900.20240824-1409\jars\guice-5.1.0.jar
2024-12-09 01:19:07,962 [Worker-34: Launching mavenrun-c8cb4963-0a49-4c55-a425-0002df20b28c] INFO  o.eclipse.m2e.core.internal.Bundles - 	Entry: C:\Users\Sriram\.p2\pool\plugins\org.eclipse.m2e.maven.runtime_3.9.900.20240824-1409\jars\httpclient-4.5.14.jar
2024-12-09 01:19:07,962 [Worker-34: Launching mavenrun-c8cb4963-0a49-4c55-a425-0002df20b28c] INFO  o.eclipse.m2e.core.internal.Bundles - 	Entry: C:\Users\Sriram\.p2\pool\plugins\org.eclipse.m2e.maven.runtime_3.9.900.20240824-1409\jars\httpcore-4.4.16.jar
2024-12-09 01:19:07,962 [Worker-34: Launching mavenrun-c8cb4963-0a49-4c55-a425-0002df20b28c] INFO  o.eclipse.m2e.core.internal.Bundles - 	Entry: C:\Users\Sriram\.p2\pool\plugins\org.eclipse.m2e.maven.runtime_3.9.900.20240824-1409\jars\jansi-2.4.1.jar
2024-12-09 01:19:07,962 [Worker-34: Launching mavenrun-c8cb4963-0a49-4c55-a425-0002df20b28c] INFO  o.eclipse.m2e.core.internal.Bundles - 	Entry: C:\Users\Sriram\.p2\pool\plugins\org.eclipse.m2e.maven.runtime_3.9.900.20240824-1409\jars\jcl-over-slf4j-1.7.36.jar
2024-12-09 01:19:07,962 [Worker-34: Launching mavenrun-c8cb4963-0a49-4c55-a425-0002df20b28c] INFO  o.eclipse.m2e.core.internal.Bundles - 	Entry: C:\Users\Sriram\.p2\pool\plugins\org.eclipse.m2e.maven.runtime_3.9.900.20240824-1409\jars\maven-artifact-3.9.9.jar
2024-12-09 01:19:07,962 [Worker-34: Launching mavenrun-c8cb4963-0a49-4c55-a425-0002df20b28c] INFO  o.eclipse.m2e.core.internal.Bundles - 	Entry: C:\Users\Sriram\.p2\pool\plugins\org.eclipse.m2e.maven.runtime_3.9.900.20240824-1409\jars\maven-builder-support-3.9.9.jar
2024-12-09 01:19:07,962 [Worker-34: Launching mavenrun-c8cb4963-0a49-4c55-a425-0002df20b28c] INFO  o.eclipse.m2e.core.internal.Bundles - 	Entry: C:\Users\Sriram\.p2\pool\plugins\org.eclipse.m2e.maven.runtime_3.9.900.20240824-1409\jars\maven-compat-3.9.9.jar
2024-12-09 01:19:07,962 [Worker-34: Launching mavenrun-c8cb4963-0a49-4c55-a425-0002df20b28c] INFO  o.eclipse.m2e.core.internal.Bundles - 	Entry: C:\Users\Sriram\.p2\pool\plugins\org.eclipse.m2e.maven.runtime_3.9.900.20240824-1409\jars\maven-core-3.9.9.jar
2024-12-09 01:19:07,962 [Worker-34: Launching mavenrun-c8cb4963-0a49-4c55-a425-0002df20b28c] INFO  o.eclipse.m2e.core.internal.Bundles - 	Entry: C:\Users\Sriram\.p2\pool\plugins\org.eclipse.m2e.maven.runtime_3.9.900.20240824-1409\jars\maven-embedder-3.9.9.jar
2024-12-09 01:19:07,962 [Worker-34: Launching mavenrun-c8cb4963-0a49-4c55-a425-0002df20b28c] INFO  o.eclipse.m2e.core.internal.Bundles - 	Entry: C:\Users\Sriram\.p2\pool\plugins\org.eclipse.m2e.maven.runtime_3.9.900.20240824-1409\jars\maven-model-3.9.9.jar
2024-12-09 01:19:07,963 [Worker-34: Launching mavenrun-c8cb4963-0a49-4c55-a425-0002df20b28c] INFO  o.eclipse.m2e.core.internal.Bundles - 	Entry: C:\Users\Sriram\.p2\pool\plugins\org.eclipse.m2e.maven.runtime_3.9.900.20240824-1409\jars\maven-model-builder-3.9.9.jar
2024-12-09 01:19:07,963 [Worker-34: Launching mavenrun-c8cb4963-0a49-4c55-a425-0002df20b28c] INFO  o.eclipse.m2e.core.internal.Bundles - 	Entry: C:\Users\Sriram\.p2\pool\plugins\org.eclipse.m2e.maven.runtime_3.9.900.20240824-1409\jars\maven-plugin-api-3.9.9.jar
2024-12-09 01:19:07,963 [Worker-34: Launching mavenrun-c8cb4963-0a49-4c55-a425-0002df20b28c] INFO  o.eclipse.m2e.core.internal.Bundles - 	Entry: C:\Users\Sriram\.p2\pool\plugins\org.eclipse.m2e.maven.runtime_3.9.900.20240824-1409\jars\maven-repository-metadata-3.9.9.jar
2024-12-09 01:19:07,963 [Worker-34: Launching mavenrun-c8cb4963-0a49-4c55-a425-0002df20b28c] INFO  o.eclipse.m2e.core.internal.Bundles - 	Entry: C:\Users\Sriram\.p2\pool\plugins\org.eclipse.m2e.maven.runtime_3.9.900.20240824-1409\jars\maven-resolver-api-1.9.22.jar
2024-12-09 01:19:07,963 [Worker-34: Launching mavenrun-c8cb4963-0a49-4c55-a425-0002df20b28c] INFO  o.eclipse.m2e.core.internal.Bundles - 	Entry: C:\Users\Sriram\.p2\pool\plugins\org.eclipse.m2e.maven.runtime_3.9.900.20240824-1409\jars\maven-resolver-connector-basic-1.9.22.jar
2024-12-09 01:19:07,963 [Worker-34: Launching mavenrun-c8cb4963-0a49-4c55-a425-0002df20b28c] INFO  o.eclipse.m2e.core.internal.Bundles - 	Entry: C:\Users\Sriram\.p2\pool\plugins\org.eclipse.m2e.maven.runtime_3.9.900.20240824-1409\jars\maven-resolver-impl-1.9.22.jar
2024-12-09 01:19:07,963 [Worker-34: Launching mavenrun-c8cb4963-0a49-4c55-a425-0002df20b28c] INFO  o.eclipse.m2e.core.internal.Bundles - 	Entry: C:\Users\Sriram\.p2\pool\plugins\org.eclipse.m2e.maven.runtime_3.9.900.20240824-1409\jars\maven-resolver-named-locks-1.9.22.jar
2024-12-09 01:19:07,963 [Worker-34: Launching mavenrun-c8cb4963-0a49-4c55-a425-0002df20b28c] INFO  o.eclipse.m2e.core.internal.Bundles - 	Entry: C:\Users\Sriram\.p2\pool\plugins\org.eclipse.m2e.maven.runtime_3.9.900.20240824-1409\jars\maven-resolver-provider-3.9.9.jar
2024-12-09 01:19:07,963 [Worker-34: Launching mavenrun-c8cb4963-0a49-4c55-a425-0002df20b28c] INFO  o.eclipse.m2e.core.internal.Bundles - 	Entry: C:\Users\Sriram\.p2\pool\plugins\org.eclipse.m2e.maven.runtime_3.9.900.20240824-1409\jars\maven-resolver-spi-1.9.22.jar
2024-12-09 01:19:07,963 [Worker-34: Launching mavenrun-c8cb4963-0a49-4c55-a425-0002df20b28c] INFO  o.eclipse.m2e.core.internal.Bundles - 	Entry: C:\Users\Sriram\.p2\pool\plugins\org.eclipse.m2e.maven.runtime_3.9.900.20240824-1409\jars\maven-resolver-transport-file-1.9.22.jar
2024-12-09 01:19:07,963 [Worker-34: Launching mavenrun-c8cb4963-0a49-4c55-a425-0002df20b28c] INFO  o.eclipse.m2e.core.internal.Bundles - 	Entry: C:\Users\Sriram\.p2\pool\plugins\org.eclipse.m2e.maven.runtime_3.9.900.20240824-1409\jars\maven-resolver-transport-http-1.9.22.jar
2024-12-09 01:19:07,964 [Worker-34: Launching mavenrun-c8cb4963-0a49-4c55-a425-0002df20b28c] INFO  o.eclipse.m2e.core.internal.Bundles - 	Entry: C:\Users\Sriram\.p2\pool\plugins\org.eclipse.m2e.maven.runtime_3.9.900.20240824-1409\jars\maven-resolver-transport-wagon-1.9.22.jar
2024-12-09 01:19:07,964 [Worker-34: Launching mavenrun-c8cb4963-0a49-4c55-a425-0002df20b28c] INFO  o.eclipse.m2e.core.internal.Bundles - 	Entry: C:\Users\Sriram\.p2\pool\plugins\org.eclipse.m2e.maven.runtime_3.9.900.20240824-1409\jars\maven-resolver-util-1.9.22.jar
2024-12-09 01:19:07,964 [Worker-34: Launching mavenrun-c8cb4963-0a49-4c55-a425-0002df20b28c] INFO  o.eclipse.m2e.core.internal.Bundles - 	Entry: C:\Users\Sriram\.p2\pool\plugins\org.eclipse.m2e.maven.runtime_3.9.900.20240824-1409\jars\maven-settings-3.9.9.jar
2024-12-09 01:19:07,964 [Worker-34: Launching mavenrun-c8cb4963-0a49-4c55-a425-0002df20b28c] INFO  o.eclipse.m2e.core.internal.Bundles - 	Entry: C:\Users\Sriram\.p2\pool\plugins\org.eclipse.m2e.maven.runtime_3.9.900.20240824-1409\jars\maven-settings-builder-3.9.9.jar
2024-12-09 01:19:07,964 [Worker-34: Launching mavenrun-c8cb4963-0a49-4c55-a425-0002df20b28c] INFO  o.eclipse.m2e.core.internal.Bundles - 	Entry: C:\Users\Sriram\.p2\pool\plugins\org.eclipse.m2e.maven.runtime_3.9.900.20240824-1409\jars\maven-shared-utils-3.4.2.jar
2024-12-09 01:19:07,964 [Worker-34: Launching mavenrun-c8cb4963-0a49-4c55-a425-0002df20b28c] INFO  o.eclipse.m2e.core.internal.Bundles - 	Entry: C:\Users\Sriram\.p2\pool\plugins\org.eclipse.m2e.maven.runtime_3.9.900.20240824-1409\jars\org.eclipse.sisu.inject-0.9.0.M3.jar
2024-12-09 01:19:07,964 [Worker-34: Launching mavenrun-c8cb4963-0a49-4c55-a425-0002df20b28c] INFO  o.eclipse.m2e.core.internal.Bundles - 	Entry: C:\Users\Sriram\.p2\pool\plugins\org.eclipse.m2e.maven.runtime_3.9.900.20240824-1409\jars\org.eclipse.sisu.plexus-0.9.0.M3.jar
2024-12-09 01:19:07,964 [Worker-34: Launching mavenrun-c8cb4963-0a49-4c55-a425-0002df20b28c] INFO  o.eclipse.m2e.core.internal.Bundles - 	Entry: C:\Users\Sriram\.p2\pool\plugins\org.eclipse.m2e.maven.runtime_3.9.900.20240824-1409\jars\plexus-build-api-0.0.7.jar
2024-12-09 01:19:07,964 [Worker-34: Launching mavenrun-c8cb4963-0a49-4c55-a425-0002df20b28c] INFO  o.eclipse.m2e.core.internal.Bundles - 	Entry: C:\Users\Sriram\.p2\pool\plugins\org.eclipse.m2e.maven.runtime_3.9.900.20240824-1409\jars\plexus-build-api-1.2.0.jar
2024-12-09 01:19:07,964 [Worker-34: Launching mavenrun-c8cb4963-0a49-4c55-a425-0002df20b28c] INFO  o.eclipse.m2e.core.internal.Bundles - 	Entry: C:\Users\Sriram\.p2\pool\plugins\org.eclipse.m2e.maven.runtime_3.9.900.20240824-1409\jars\plexus-cipher-2.0.jar
2024-12-09 01:19:07,964 [Worker-34: Launching mavenrun-c8cb4963-0a49-4c55-a425-0002df20b28c] INFO  o.eclipse.m2e.core.internal.Bundles - 	Entry: C:\Users\Sriram\.p2\pool\plugins\org.eclipse.m2e.maven.runtime_3.9.900.20240824-1409\jars\plexus-classworlds-2.8.0.jar
2024-12-09 01:19:07,965 [Worker-34: Launching mavenrun-c8cb4963-0a49-4c55-a425-0002df20b28c] INFO  o.eclipse.m2e.core.internal.Bundles - 	Entry: C:\Users\Sriram\.p2\pool\plugins\org.eclipse.m2e.maven.runtime_3.9.900.20240824-1409\jars\plexus-component-annotations-2.1.0.jar
2024-12-09 01:19:07,965 [Worker-34: Launching mavenrun-c8cb4963-0a49-4c55-a425-0002df20b28c] INFO  o.eclipse.m2e.core.internal.Bundles - 	Entry: C:\Users\Sriram\.p2\pool\plugins\org.eclipse.m2e.maven.runtime_3.9.900.20240824-1409\jars\plexus-interpolation-1.27.jar
2024-12-09 01:19:07,965 [Worker-34: Launching mavenrun-c8cb4963-0a49-4c55-a425-0002df20b28c] INFO  o.eclipse.m2e.core.internal.Bundles - 	Entry: C:\Users\Sriram\.p2\pool\plugins\org.eclipse.m2e.maven.runtime_3.9.900.20240824-1409\jars\plexus-sec-dispatcher-2.0.jar
2024-12-09 01:19:07,965 [Worker-34: Launching mavenrun-c8cb4963-0a49-4c55-a425-0002df20b28c] INFO  o.eclipse.m2e.core.internal.Bundles - 	Entry: C:\Users\Sriram\.p2\pool\plugins\org.eclipse.m2e.maven.runtime_3.9.900.20240824-1409\jars\plexus-utils-3.5.1.jar
2024-12-09 01:19:07,965 [Worker-34: Launching mavenrun-c8cb4963-0a49-4c55-a425-0002df20b28c] INFO  o.eclipse.m2e.core.internal.Bundles - 	Entry: C:\Users\Sriram\.p2\pool\plugins\org.eclipse.m2e.maven.runtime_3.9.900.20240824-1409\jars\plexus-xml-3.0.1.jar
2024-12-09 01:19:07,965 [Worker-34: Launching mavenrun-c8cb4963-0a49-4c55-a425-0002df20b28c] INFO  o.eclipse.m2e.core.internal.Bundles - 	Entry: C:\Users\Sriram\.p2\pool\plugins\org.eclipse.m2e.maven.runtime_3.9.900.20240824-1409\jars\wagon-file-3.5.3.jar
2024-12-09 01:19:07,965 [Worker-34: Launching mavenrun-c8cb4963-0a49-4c55-a425-0002df20b28c] INFO  o.eclipse.m2e.core.internal.Bundles - 	Entry: C:\Users\Sriram\.p2\pool\plugins\org.eclipse.m2e.maven.runtime_3.9.900.20240824-1409\jars\wagon-http-3.5.3.jar
2024-12-09 01:19:07,965 [Worker-34: Launching mavenrun-c8cb4963-0a49-4c55-a425-0002df20b28c] INFO  o.eclipse.m2e.core.internal.Bundles - 	Entry: C:\Users\Sriram\.p2\pool\plugins\org.eclipse.m2e.maven.runtime_3.9.900.20240824-1409\jars\wagon-http-shared-3.5.3.jar
2024-12-09 01:19:07,965 [Worker-34: Launching mavenrun-c8cb4963-0a49-4c55-a425-0002df20b28c] INFO  o.eclipse.m2e.core.internal.Bundles - 	Entry: C:\Users\Sriram\.p2\pool\plugins\org.eclipse.m2e.maven.runtime_3.9.900.20240824-1409\jars\wagon-provider-api-3.5.3.jar
2024-12-09 01:19:07,966 [Worker-34: Launching mavenrun-c8cb4963-0a49-4c55-a425-0002df20b28c] INFO  o.eclipse.m2e.core.internal.Bundles - getClasspathEntries(Bundle=com.google.guava_33.3.1.jre [537])
2024-12-09 01:19:07,966 [Worker-34: Launching mavenrun-c8cb4963-0a49-4c55-a425-0002df20b28c] INFO  o.eclipse.m2e.core.internal.Bundles - 	Entry: C:\Users\Sriram\.p2\pool\plugins\com.google.guava_33.3.1.jre.jar
2024-12-09 01:19:07,966 [Worker-34: Launching mavenrun-c8cb4963-0a49-4c55-a425-0002df20b28c] INFO  o.eclipse.m2e.core.internal.Bundles - getClasspathEntries(Bundle=slf4j.api_2.0.16 [521])
2024-12-09 01:19:07,967 [Worker-34: Launching mavenrun-c8cb4963-0a49-4c55-a425-0002df20b28c] INFO  o.eclipse.m2e.core.internal.Bundles - 	Entry: C:\Users\Sriram\.p2\pool\plugins\slf4j.api_2.0.16.jar
2024-12-09 01:19:07,967 [Worker-34: Launching mavenrun-c8cb4963-0a49-4c55-a425-0002df20b28c] INFO  o.eclipse.m2e.core.internal.Bundles - getClasspathEntries(Bundle=jakarta.inject.jakarta.inject-api_1.0.5 [22])
2024-12-09 01:19:07,967 [Worker-34: Launching mavenrun-c8cb4963-0a49-4c55-a425-0002df20b28c] INFO  o.eclipse.m2e.core.internal.Bundles - 	Entry: C:\Users\Sriram\.p2\pool\plugins\jakarta.inject.jakarta.inject-api_1.0.5.jar
2024-12-09 01:19:07,967 [Worker-34: Launching mavenrun-c8cb4963-0a49-4c55-a425-0002df20b28c] INFO  o.eclipse.m2e.core.internal.Bundles - getClasspathEntries(Bundle=jakarta.annotation-api_1.3.5 [20])
2024-12-09 01:19:07,967 [Worker-34: Launching mavenrun-c8cb4963-0a49-4c55-a425-0002df20b28c] INFO  o.eclipse.m2e.core.internal.Bundles - 	Entry: C:\Users\Sriram\.p2\pool\plugins\jakarta.annotation-api_1.3.5.jar
2024-12-09 01:19:07,967 [Worker-34: Launching mavenrun-c8cb4963-0a49-4c55-a425-0002df20b28c] INFO  o.eclipse.m2e.core.internal.Bundles - getClasspathEntries(Bundle=org.apache.commons.cli_1.9.0 [47])
2024-12-09 01:19:07,967 [Worker-34: Launching mavenrun-c8cb4963-0a49-4c55-a425-0002df20b28c] INFO  o.eclipse.m2e.core.internal.Bundles - 	Entry: C:\Users\Sriram\.p2\pool\plugins\org.apache.commons.cli_1.9.0.jar
2024-12-09 01:19:07,967 [Worker-34: Launching mavenrun-c8cb4963-0a49-4c55-a425-0002df20b28c] INFO  o.eclipse.m2e.core.internal.Bundles - getClasspathEntries(Bundle=org.apache.commons.commons-codec_1.16.0 [50])
2024-12-09 01:19:07,967 [Worker-34: Launching mavenrun-c8cb4963-0a49-4c55-a425-0002df20b28c] INFO  o.eclipse.m2e.core.internal.Bundles - 	Entry: C:\Users\Sriram\.p2\pool\plugins\org.apache.commons.commons-codec_1.16.0.jar
2024-12-09 01:19:07,967 [Worker-34: Launching mavenrun-c8cb4963-0a49-4c55-a425-0002df20b28c] INFO  o.eclipse.m2e.core.internal.Bundles - getClasspathEntries(Bundle=com.google.guava.failureaccess_1.0.2 [11])
2024-12-09 01:19:07,968 [Worker-34: Launching mavenrun-c8cb4963-0a49-4c55-a425-0002df20b28c] INFO  o.eclipse.m2e.core.internal.Bundles - 	Entry: C:\Users\Sriram\.p2\pool\plugins\com.google.guava.failureaccess_1.0.2.jar
2024-12-09 01:19:07,974 [Worker-34: Launching mavenrun-c8cb4963-0a49-4c55-a425-0002df20b28c] INFO  o.e.m.i.launch.MavenLaunchDelegate - Run build in "C:\Users\Sriram\AppData\Local\Temp\m2e-archetypeGenerator1485804465283571793":
2024-12-09 01:19:07,977 [Worker-34: Launching mavenrun-c8cb4963-0a49-4c55-a425-0002df20b28c] INFO  o.e.m.i.launch.MavenLaunchDelegate -  mvn  -DarchetypeGroupId=org.apache.maven.archetypes -DarchetypeArtifactId=maven-archetype-quickstart -DarchetypeVersion=1.1 -DgroupId=com.appium -DartifactId=automation -Dversion=0.0.1-SNAPSHOT -Dpackage=com.appium.automation -DoutputDirectory=C:\Users\Sriram\Desktop\Sri_Code\Learning\appium-latest -Dstyle.color=always -U archetype:generate
2024-12-09 01:30:11,957 [Worker-19: Creating project "com.appium.automation"] INFO  o.e.m.c.i.l.LifecycleMappingFactory - Using org.eclipse.m2e.jdt.JarLifecycleMapping lifecycle mapping for MavenProject: com.appium.automation:com.appium.automation:0.0.1-SNAPSHOT @ C:\Users\Sriram\Desktop\Sri_Code\Learning\appium-latest\com.appium.automation\pom.xml.
2024-12-09 01:30:12,530 [Worker-19: Creating project "com.appium.automation"] INFO  o.e.m.j.i.AbstractJavaProjectConfigurator - Adding source folder /com.appium.automation/src/main/java
2024-12-09 01:30:12,531 [Worker-19: Creating project "com.appium.automation"] INFO  o.e.m.j.i.AbstractJavaProjectConfigurator - Adding resource folder /com.appium.automation/src/main/resources
2024-12-09 01:30:12,532 [Worker-19: Creating project "com.appium.automation"] INFO  o.e.m.j.i.AbstractJavaProjectConfigurator - Adding source folder /com.appium.automation/src/test/java
2024-12-09 01:30:12,533 [Worker-19: Creating project "com.appium.automation"] INFO  o.e.m.j.i.AbstractJavaProjectConfigurator - Adding resource folder /com.appium.automation/src/test/resources
2024-12-09 01:30:13,403 [Worker-23: Building] WARN  o.a.m.s.f.DefaultMavenResourcesFiltering - Using platform encoding (UTF-8 actually) to copy filtered resources, i.e. build is platform dependent!
2024-12-09 01:30:13,414 [Worker-23: Building] INFO  o.a.m.s.f.DefaultMavenResourcesFiltering - Copying 0 resource from src\main\resources to target\classes
2024-12-09 01:30:13,417 [Worker-23: Building] WARN  o.a.m.s.f.DefaultMavenResourcesFiltering - Using platform encoding (UTF-8 actually) to copy filtered resources, i.e. build is platform dependent!
2024-12-09 01:30:13,418 [Worker-23: Building] INFO  o.a.m.s.f.DefaultMavenResourcesFiltering - Copying 0 resource from src\test\resources to target\test-classes
2024-12-09 01:33:51,907 [Worker-19: Building] INFO  o.e.m.c.i.l.LifecycleMappingFactory - Using org.eclipse.m2e.jdt.JarLifecycleMapping lifecycle mapping for MavenProject: com.appium.automation:com.appium.automation:0.0.1-SNAPSHOT @ C:\Users\Sriram\Desktop\Sri_Code\Learning\appium-latest\com.appium.automation\pom.xml.
2024-12-09 01:33:52,934 [Worker-19: Building] WARN  o.a.m.s.f.DefaultMavenResourcesFiltering - Using platform encoding (UTF-8 actually) to copy filtered resources, i.e. build is platform dependent!
2024-12-09 01:33:52,940 [Worker-19: Building] INFO  o.a.m.s.f.DefaultMavenResourcesFiltering - Copying 0 resource from src\main\resources to target\classes
2024-12-09 01:33:52,945 [Worker-19: Building] WARN  o.a.m.s.f.DefaultMavenResourcesFiltering - Using platform encoding (UTF-8 actually) to copy filtered resources, i.e. build is platform dependent!
2024-12-09 01:33:52,946 [Worker-19: Building] INFO  o.a.m.s.f.DefaultMavenResourcesFiltering - Copying 0 resource from src\test\resources to target\test-classes
2024-12-09 01:33:54,451 [Worker-39: Building] WARN  o.a.m.s.f.DefaultMavenResourcesFiltering - Using platform encoding (UTF-8 actually) to copy filtered resources, i.e. build is platform dependent!
2024-12-09 01:33:54,453 [Worker-39: Building] INFO  o.a.m.s.f.DefaultMavenResourcesFiltering - Copying 0 resource from src\main\resources to target\classes
2024-12-09 01:33:54,456 [Worker-39: Building] WARN  o.a.m.s.f.DefaultMavenResourcesFiltering - Using platform encoding (UTF-8 actually) to copy filtered resources, i.e. build is platform dependent!
2024-12-09 01:33:54,458 [Worker-39: Building] INFO  o.a.m.s.f.DefaultMavenResourcesFiltering - Copying 0 resource from src\test\resources to target\test-classes
2024-12-09 01:36:13,326 [Worker-38: Building] WARN  o.a.m.s.f.DefaultMavenResourcesFiltering - Using platform encoding (UTF-8 actually) to copy filtered resources, i.e. build is platform dependent!
2024-12-09 01:36:13,331 [Worker-38: Building] INFO  o.a.m.s.f.DefaultMavenResourcesFiltering - Copying 0 resource from src\main\resources to target\classes
2024-12-09 01:36:13,334 [Worker-38: Building] WARN  o.a.m.s.f.DefaultMavenResourcesFiltering - Using platform encoding (UTF-8 actually) to copy filtered resources, i.e. build is platform dependent!
2024-12-09 01:36:13,337 [Worker-38: Building] INFO  o.a.m.s.f.DefaultMavenResourcesFiltering - Copying 0 resource from src\test\resources to target\test-classes
2024-12-09 01:36:57,919 [Worker-2: Building] WARN  o.a.m.s.f.DefaultMavenResourcesFiltering - Using platform encoding (UTF-8 actually) to copy filtered resources, i.e. build is platform dependent!
2024-12-09 01:36:57,922 [Worker-2: Building] INFO  o.a.m.s.f.DefaultMavenResourcesFiltering - Copying 0 resource from src\main\resources to target\classes
2024-12-09 01:36:57,925 [Worker-2: Building] WARN  o.a.m.s.f.DefaultMavenResourcesFiltering - Using platform encoding (UTF-8 actually) to copy filtered resources, i.e. build is platform dependent!
2024-12-09 01:36:57,928 [Worker-2: Building] INFO  o.a.m.s.f.DefaultMavenResourcesFiltering - Copying 0 resource from src\test\resources to target\test-classes
2024-12-09 01:37:03,692 [Worker-35: Building] WARN  o.a.m.s.f.DefaultMavenResourcesFiltering - Using platform encoding (UTF-8 actually) to copy filtered resources, i.e. build is platform dependent!
2024-12-09 01:37:03,693 [Worker-35: Building] INFO  o.a.m.s.f.DefaultMavenResourcesFiltering - Copying 0 resource from src\main\resources to target\classes
2024-12-09 01:37:03,695 [Worker-35: Building] WARN  o.a.m.s.f.DefaultMavenResourcesFiltering - Using platform encoding (UTF-8 actually) to copy filtered resources, i.e. build is platform dependent!
2024-12-09 01:37:03,696 [Worker-35: Building] INFO  o.a.m.s.f.DefaultMavenResourcesFiltering - Copying 0 resource from src\test\resources to target\test-classes
2024-12-09 01:37:26,687 [Worker-35: Building] WARN  o.a.m.s.f.DefaultMavenResourcesFiltering - Using platform encoding (UTF-8 actually) to copy filtered resources, i.e. build is platform dependent!
2024-12-09 01:37:26,692 [Worker-35: Building] INFO  o.a.m.s.f.DefaultMavenResourcesFiltering - Copying 0 resource from src\main\resources to target\classes
2024-12-09 01:37:26,696 [Worker-35: Building] WARN  o.a.m.s.f.DefaultMavenResourcesFiltering - Using platform encoding (UTF-8 actually) to copy filtered resources, i.e. build is platform dependent!
2024-12-09 01:37:26,698 [Worker-35: Building] INFO  o.a.m.s.f.DefaultMavenResourcesFiltering - Copying 0 resource from src\test\resources to target\test-classes
2024-12-09 01:38:53,466 [Worker-38: Building] WARN  o.a.m.s.f.DefaultMavenResourcesFiltering - Using platform encoding (UTF-8 actually) to copy filtered resources, i.e. build is platform dependent!
2024-12-09 01:38:53,470 [Worker-38: Building] INFO  o.a.m.s.f.DefaultMavenResourcesFiltering - Copying 0 resource from src\main\resources to target\classes
2024-12-09 01:38:53,474 [Worker-38: Building] WARN  o.a.m.s.f.DefaultMavenResourcesFiltering - Using platform encoding (UTF-8 actually) to copy filtered resources, i.e. build is platform dependent!
2024-12-09 01:38:53,477 [Worker-38: Building] INFO  o.a.m.s.f.DefaultMavenResourcesFiltering - Copying 0 resource from src\test\resources to target\test-classes
2024-12-09 01:39:34,771 [Worker-35: Building] WARN  o.a.m.s.f.DefaultMavenResourcesFiltering - Using platform encoding (UTF-8 actually) to copy filtered resources, i.e. build is platform dependent!
2024-12-09 01:39:34,773 [Worker-35: Building] INFO  o.a.m.s.f.DefaultMavenResourcesFiltering - Copying 0 resource from src\main\resources to target\classes
2024-12-09 01:39:34,776 [Worker-35: Building] WARN  o.a.m.s.f.DefaultMavenResourcesFiltering - Using platform encoding (UTF-8 actually) to copy filtered resources, i.e. build is platform dependent!
2024-12-09 01:39:34,777 [Worker-35: Building] INFO  o.a.m.s.f.DefaultMavenResourcesFiltering - Copying 0 resource from src\test\resources to target\test-classes
2024-12-09 01:39:53,056 [Worker-35: Building] WARN  o.a.m.s.f.DefaultMavenResourcesFiltering - Using platform encoding (UTF-8 actually) to copy filtered resources, i.e. build is platform dependent!
2024-12-09 01:39:53,056 [Worker-35: Building] INFO  o.a.m.s.f.DefaultMavenResourcesFiltering - Copying 0 resource from src\main\resources to target\classes
2024-12-09 01:39:53,058 [Worker-35: Building] WARN  o.a.m.s.f.DefaultMavenResourcesFiltering - Using platform encoding (UTF-8 actually) to copy filtered resources, i.e. build is platform dependent!
2024-12-09 01:39:53,061 [Worker-35: Building] INFO  o.a.m.s.f.DefaultMavenResourcesFiltering - Copying 0 resource from src\test\resources to target\test-classes
2024-12-09 01:40:04,677 [Worker-2: Building] WARN  o.a.m.s.f.DefaultMavenResourcesFiltering - Using platform encoding (UTF-8 actually) to copy filtered resources, i.e. build is platform dependent!
2024-12-09 01:40:04,680 [Worker-2: Building] INFO  o.a.m.s.f.DefaultMavenResourcesFiltering - Copying 0 resource from src\main\resources to target\classes
2024-12-09 01:40:04,682 [Worker-2: Building] WARN  o.a.m.s.f.DefaultMavenResourcesFiltering - Using platform encoding (UTF-8 actually) to copy filtered resources, i.e. build is platform dependent!
2024-12-09 01:40:04,684 [Worker-2: Building] INFO  o.a.m.s.f.DefaultMavenResourcesFiltering - Copying 0 resource from src\test\resources to target\test-classes
2024-12-09 01:40:36,026 [Worker-38: Building] WARN  o.a.m.s.f.DefaultMavenResourcesFiltering - Using platform encoding (UTF-8 actually) to copy filtered resources, i.e. build is platform dependent!
2024-12-09 01:40:36,029 [Worker-38: Building] INFO  o.a.m.s.f.DefaultMavenResourcesFiltering - Copying 0 resource from src\main\resources to target\classes
2024-12-09 01:40:36,034 [Worker-38: Building] WARN  o.a.m.s.f.DefaultMavenResourcesFiltering - Using platform encoding (UTF-8 actually) to copy filtered resources, i.e. build is platform dependent!
2024-12-09 01:40:36,036 [Worker-38: Building] INFO  o.a.m.s.f.DefaultMavenResourcesFiltering - Copying 0 resource from src\test\resources to target\test-classes
2024-12-09 01:40:51,187 [Worker-35: Building] WARN  o.a.m.s.f.DefaultMavenResourcesFiltering - Using platform encoding (UTF-8 actually) to copy filtered resources, i.e. build is platform dependent!
2024-12-09 01:40:51,189 [Worker-35: Building] INFO  o.a.m.s.f.DefaultMavenResourcesFiltering - Copying 0 resource from src\main\resources to target\classes
2024-12-09 01:40:51,190 [Worker-35: Building] WARN  o.a.m.s.f.DefaultMavenResourcesFiltering - Using platform encoding (UTF-8 actually) to copy filtered resources, i.e. build is platform dependent!
2024-12-09 01:40:51,192 [Worker-35: Building] INFO  o.a.m.s.f.DefaultMavenResourcesFiltering - Copying 0 resource from src\test\resources to target\test-classes
2024-12-09 01:41:53,614 [Worker-35: Building] WARN  o.a.m.s.f.DefaultMavenResourcesFiltering - Using platform encoding (UTF-8 actually) to copy filtered resources, i.e. build is platform dependent!
2024-12-09 01:41:53,616 [Worker-35: Building] INFO  o.a.m.s.f.DefaultMavenResourcesFiltering - Copying 0 resource from src\main\resources to target\classes
2024-12-09 01:41:53,619 [Worker-35: Building] WARN  o.a.m.s.f.DefaultMavenResourcesFiltering - Using platform encoding (UTF-8 actually) to copy filtered resources, i.e. build is platform dependent!
2024-12-09 01:41:53,620 [Worker-35: Building] INFO  o.a.m.s.f.DefaultMavenResourcesFiltering - Copying 0 resource from src\test\resources to target\test-classes
2024-12-09 01:42:02,094 [Worker-35: Building] WARN  o.a.m.s.f.DefaultMavenResourcesFiltering - Using platform encoding (UTF-8 actually) to copy filtered resources, i.e. build is platform dependent!
2024-12-09 01:42:02,095 [Worker-35: Building] INFO  o.a.m.s.f.DefaultMavenResourcesFiltering - Copying 0 resource from src\main\resources to target\classes
2024-12-09 01:42:02,098 [Worker-35: Building] WARN  o.a.m.s.f.DefaultMavenResourcesFiltering - Using platform encoding (UTF-8 actually) to copy filtered resources, i.e. build is platform dependent!
2024-12-09 01:42:02,100 [Worker-35: Building] INFO  o.a.m.s.f.DefaultMavenResourcesFiltering - Copying 0 resource from src\test\resources to target\test-classes
2024-12-09 01:42:38,937 [Worker-19: Building] WARN  o.a.m.s.f.DefaultMavenResourcesFiltering - Using platform encoding (UTF-8 actually) to copy filtered resources, i.e. build is platform dependent!
2024-12-09 01:42:38,939 [Worker-19: Building] INFO  o.a.m.s.f.DefaultMavenResourcesFiltering - Copying 0 resource from src\main\resources to target\classes
2024-12-09 01:42:38,941 [Worker-19: Building] WARN  o.a.m.s.f.DefaultMavenResourcesFiltering - Using platform encoding (UTF-8 actually) to copy filtered resources, i.e. build is platform dependent!
2024-12-09 01:42:38,943 [Worker-19: Building] INFO  o.a.m.s.f.DefaultMavenResourcesFiltering - Copying 0 resource from src\test\resources to target\test-classes
2024-12-09 01:42:55,030 [Worker-2: Building] WARN  o.a.m.s.f.DefaultMavenResourcesFiltering - Using platform encoding (UTF-8 actually) to copy filtered resources, i.e. build is platform dependent!
2024-12-09 01:42:55,031 [Worker-2: Building] INFO  o.a.m.s.f.DefaultMavenResourcesFiltering - Copying 0 resource from src\main\resources to target\classes
2024-12-09 01:42:55,033 [Worker-2: Building] WARN  o.a.m.s.f.DefaultMavenResourcesFiltering - Using platform encoding (UTF-8 actually) to copy filtered resources, i.e. build is platform dependent!
2024-12-09 01:42:55,035 [Worker-2: Building] INFO  o.a.m.s.f.DefaultMavenResourcesFiltering - Copying 0 resource from src\test\resources to target\test-classes
2024-12-09 01:43:38,200 [Worker-38: Building] WARN  o.a.m.s.f.DefaultMavenResourcesFiltering - Using platform encoding (UTF-8 actually) to copy filtered resources, i.e. build is platform dependent!
2024-12-09 01:43:38,202 [Worker-38: Building] INFO  o.a.m.s.f.DefaultMavenResourcesFiltering - Copying 0 resource from src\main\resources to target\classes
2024-12-09 01:43:38,205 [Worker-38: Building] WARN  o.a.m.s.f.DefaultMavenResourcesFiltering - Using platform encoding (UTF-8 actually) to copy filtered resources, i.e. build is platform dependent!
2024-12-09 01:43:38,207 [Worker-38: Building] INFO  o.a.m.s.f.DefaultMavenResourcesFiltering - Copying 1 resource from src\test\resources to target\test-classes
2024-12-09 01:44:03,846 [Worker-40: Building] WARN  o.a.m.s.f.DefaultMavenResourcesFiltering - Using platform encoding (UTF-8 actually) to copy filtered resources, i.e. build is platform dependent!
2024-12-09 01:44:03,847 [Worker-40: Building] INFO  o.a.m.s.f.DefaultMavenResourcesFiltering - Copying 0 resource from src\main\resources to target\classes
2024-12-09 01:44:03,849 [Worker-40: Building] WARN  o.a.m.s.f.DefaultMavenResourcesFiltering - Using platform encoding (UTF-8 actually) to copy filtered resources, i.e. build is platform dependent!
2024-12-09 01:44:03,850 [Worker-40: Building] INFO  o.a.m.s.f.DefaultMavenResourcesFiltering - Copying 1 resource from src\test\resources to target\test-classes
2024-12-09 01:44:25,987 [main] INFO  o.e.m.jdt.internal.UnitTestSupport - Updating LoginAndAddToCart from maven configuration
2024-12-09 01:47:54,350 [main] INFO  o.e.m.jdt.internal.UnitTestSupport - Updating LoginAndAddToCart.loginAndAddToCart from maven configuration
2024-12-09 02:04:53,477 [Worker-41: Building] WARN  o.a.m.s.f.DefaultMavenResourcesFiltering - Using platform encoding (UTF-8 actually) to copy filtered resources, i.e. build is platform dependent!
2024-12-09 02:04:53,483 [Worker-41: Building] INFO  o.a.m.s.f.DefaultMavenResourcesFiltering - Copying 0 resource from src\main\resources to target\classes
2024-12-09 02:04:53,487 [Worker-41: Building] WARN  o.a.m.s.f.DefaultMavenResourcesFiltering - Using platform encoding (UTF-8 actually) to copy filtered resources, i.e. build is platform dependent!
2024-12-09 02:04:53,491 [Worker-41: Building] INFO  o.a.m.s.f.DefaultMavenResourcesFiltering - Copying 0 resource from src\test\resources to target\test-classes
2024-12-09 02:05:25,231 [Worker-51: Building] WARN  o.a.m.s.f.DefaultMavenResourcesFiltering - Using platform encoding (UTF-8 actually) to copy filtered resources, i.e. build is platform dependent!
2024-12-09 02:05:25,234 [Worker-51: Building] INFO  o.a.m.s.f.DefaultMavenResourcesFiltering - Copying 0 resource from src\main\resources to target\classes
2024-12-09 02:05:25,239 [Worker-51: Building] WARN  o.a.m.s.f.DefaultMavenResourcesFiltering - Using platform encoding (UTF-8 actually) to copy filtered resources, i.e. build is platform dependent!
2024-12-09 02:05:25,243 [Worker-51: Building] INFO  o.a.m.s.f.DefaultMavenResourcesFiltering - Copying 0 resource from src\test\resources to target\test-classes
2024-12-09 02:05:45,298 [main] INFO  o.e.m.jdt.internal.UnitTestSupport - Updating com.appium.automation_testng.xml from maven configuration
2024-12-09 02:30:26,272 [Worker-54: Building] WARN  o.a.m.s.f.DefaultMavenResourcesFiltering - Using platform encoding (UTF-8 actually) to copy filtered resources, i.e. build is platform dependent!
2024-12-09 02:30:26,274 [Worker-54: Building] INFO  o.a.m.s.f.DefaultMavenResourcesFiltering - Copying 0 resource from src\main\resources to target\classes
2024-12-09 02:30:26,276 [Worker-54: Building] WARN  o.a.m.s.f.DefaultMavenResourcesFiltering - Using platform encoding (UTF-8 actually) to copy filtered resources, i.e. build is platform dependent!
2024-12-09 02:30:26,278 [Worker-54: Building] INFO  o.a.m.s.f.DefaultMavenResourcesFiltering - Copying 1 resource from src\test\resources to target\test-classes
2024-12-09 02:30:43,841 [Worker-52: Building] WARN  o.a.m.s.f.DefaultMavenResourcesFiltering - Using platform encoding (UTF-8 actually) to copy filtered resources, i.e. build is platform dependent!
2024-12-09 02:30:43,843 [Worker-52: Building] INFO  o.a.m.s.f.DefaultMavenResourcesFiltering - Copying 0 resource from src\main\resources to target\classes
2024-12-09 02:30:43,845 [Worker-52: Building] WARN  o.a.m.s.f.DefaultMavenResourcesFiltering - Using platform encoding (UTF-8 actually) to copy filtered resources, i.e. build is platform dependent!
2024-12-09 02:30:43,846 [Worker-52: Building] INFO  o.a.m.s.f.DefaultMavenResourcesFiltering - Copying 1 resource from src\test\resources to target\test-classes
2024-12-09 02:31:18,593 [Worker-41: Building] WARN  o.a.m.s.f.DefaultMavenResourcesFiltering - Using platform encoding (UTF-8 actually) to copy filtered resources, i.e. build is platform dependent!
2024-12-09 02:31:18,596 [Worker-41: Building] INFO  o.a.m.s.f.DefaultMavenResourcesFiltering - Copying 0 resource from src\main\resources to target\classes
2024-12-09 02:31:18,598 [Worker-41: Building] WARN  o.a.m.s.f.DefaultMavenResourcesFiltering - Using platform encoding (UTF-8 actually) to copy filtered resources, i.e. build is platform dependent!
2024-12-09 02:31:18,600 [Worker-41: Building] INFO  o.a.m.s.f.DefaultMavenResourcesFiltering - Copying 1 resource from src\test\resources to target\test-classes
2024-12-09 02:45:48,383 [Worker-41: Building] WARN  o.a.m.s.f.DefaultMavenResourcesFiltering - Using platform encoding (UTF-8 actually) to copy filtered resources, i.e. build is platform dependent!
2024-12-09 02:45:48,385 [Worker-41: Building] INFO  o.a.m.s.f.DefaultMavenResourcesFiltering - Copying 0 resource from src\main\resources to target\classes
2024-12-09 02:45:48,387 [Worker-41: Building] WARN  o.a.m.s.f.DefaultMavenResourcesFiltering - Using platform encoding (UTF-8 actually) to copy filtered resources, i.e. build is platform dependent!
2024-12-09 02:45:48,388 [Worker-41: Building] INFO  o.a.m.s.f.DefaultMavenResourcesFiltering - Copying 0 resource from src\test\resources to target\test-classes
2024-12-09 03:25:21,741 [Worker-56: Building] WARN  o.a.m.s.f.DefaultMavenResourcesFiltering - Using platform encoding (UTF-8 actually) to copy filtered resources, i.e. build is platform dependent!
2024-12-09 03:25:21,746 [Worker-56: Building] INFO  o.a.m.s.f.DefaultMavenResourcesFiltering - Copying 0 resource from src\main\resources to target\classes
2024-12-09 03:25:21,748 [Worker-56: Building] WARN  o.a.m.s.f.DefaultMavenResourcesFiltering - Using platform encoding (UTF-8 actually) to copy filtered resources, i.e. build is platform dependent!
2024-12-09 03:25:21,751 [Worker-56: Building] INFO  o.a.m.s.f.DefaultMavenResourcesFiltering - Copying 0 resource from src\test\resources to target\test-classes
2024-12-09 03:44:28,192 [Worker-57: Building] WARN  o.a.m.s.f.DefaultMavenResourcesFiltering - Using platform encoding (UTF-8 actually) to copy filtered resources, i.e. build is platform dependent!
2024-12-09 03:44:28,196 [Worker-57: Building] INFO  o.a.m.s.f.DefaultMavenResourcesFiltering - Copying 0 resource from src\main\resources to target\classes
2024-12-09 03:44:28,201 [Worker-57: Building] WARN  o.a.m.s.f.DefaultMavenResourcesFiltering - Using platform encoding (UTF-8 actually) to copy filtered resources, i.e. build is platform dependent!
2024-12-09 03:44:28,204 [Worker-57: Building] INFO  o.a.m.s.f.DefaultMavenResourcesFiltering - Copying 0 resource from src\test\resources to target\test-classes
2024-12-09 03:55:32,890 [Worker-53: Building] WARN  o.a.m.s.f.DefaultMavenResourcesFiltering - Using platform encoding (UTF-8 actually) to copy filtered resources, i.e. build is platform dependent!
2024-12-09 03:55:32,891 [Worker-53: Building] INFO  o.a.m.s.f.DefaultMavenResourcesFiltering - Copying 0 resource from src\main\resources to target\classes
2024-12-09 03:55:32,894 [Worker-53: Building] WARN  o.a.m.s.f.DefaultMavenResourcesFiltering - Using platform encoding (UTF-8 actually) to copy filtered resources, i.e. build is platform dependent!
2024-12-09 03:55:32,896 [Worker-53: Building] INFO  o.a.m.s.f.DefaultMavenResourcesFiltering - Copying 0 resource from src\test\resources to target\test-classes
2024-12-09 03:56:49,783 [Worker-53: Launching com.appium.automation_testng.xml] WARN  o.a.m.s.f.DefaultMavenResourcesFiltering - Using platform encoding (UTF-8 actually) to copy filtered resources, i.e. build is platform dependent!
2024-12-09 03:56:49,786 [Worker-53: Launching com.appium.automation_testng.xml] INFO  o.a.m.s.f.DefaultMavenResourcesFiltering - Copying 0 resource from src\main\resources to target\classes
2024-12-09 03:56:49,788 [Worker-53: Launching com.appium.automation_testng.xml] WARN  o.a.m.s.f.DefaultMavenResourcesFiltering - Using platform encoding (UTF-8 actually) to copy filtered resources, i.e. build is platform dependent!
2024-12-09 03:56:49,792 [Worker-53: Launching com.appium.automation_testng.xml] INFO  o.a.m.s.f.DefaultMavenResourcesFiltering - Copying 0 resource from src\test\resources to target\test-classes
2024-12-09 03:58:08,306 [Worker-60: Launching Executing test in C__Users_Sriram_Desktop_Sri_Code_Learning_appium-latest_com.appium.automation] INFO  o.eclipse.m2e.core.internal.Bundles - getClasspathEntries(Bundle=org.eclipse.m2e.maven.runtime_3.9.900.20240824-1409 [299])
2024-12-09 03:58:08,310 [Worker-60: Launching Executing test in C__Users_Sriram_Desktop_Sri_Code_Learning_appium-latest_com.appium.automation] INFO  o.eclipse.m2e.core.internal.Bundles - 	Entry: C:\Users\Sriram\.p2\pool\plugins\org.eclipse.m2e.maven.runtime_3.9.900.20240824-1409
2024-12-09 03:58:08,311 [Worker-60: Launching Executing test in C__Users_Sriram_Desktop_Sri_Code_Learning_appium-latest_com.appium.automation] INFO  o.eclipse.m2e.core.internal.Bundles - 	Entry: C:\Users\Sriram\.p2\pool\plugins\org.eclipse.m2e.maven.runtime_3.9.900.20240824-1409\jars\aopalliance-1.0.jar
2024-12-09 03:58:08,312 [Worker-60: Launching Executing test in C__Users_Sriram_Desktop_Sri_Code_Learning_appium-latest_com.appium.automation] INFO  o.eclipse.m2e.core.internal.Bundles - 	Entry: C:\Users\Sriram\.p2\pool\plugins\org.eclipse.m2e.maven.runtime_3.9.900.20240824-1409\jars\guice-5.1.0.jar
2024-12-09 03:58:08,312 [Worker-60: Launching Executing test in C__Users_Sriram_Desktop_Sri_Code_Learning_appium-latest_com.appium.automation] INFO  o.eclipse.m2e.core.internal.Bundles - 	Entry: C:\Users\Sriram\.p2\pool\plugins\org.eclipse.m2e.maven.runtime_3.9.900.20240824-1409\jars\httpclient-4.5.14.jar
2024-12-09 03:58:08,315 [Worker-60: Launching Executing test in C__Users_Sriram_Desktop_Sri_Code_Learning_appium-latest_com.appium.automation] INFO  o.eclipse.m2e.core.internal.Bundles - 	Entry: C:\Users\Sriram\.p2\pool\plugins\org.eclipse.m2e.maven.runtime_3.9.900.20240824-1409\jars\httpcore-4.4.16.jar
2024-12-09 03:58:08,315 [Worker-60: Launching Executing test in C__Users_Sriram_Desktop_Sri_Code_Learning_appium-latest_com.appium.automation] INFO  o.eclipse.m2e.core.internal.Bundles - 	Entry: C:\Users\Sriram\.p2\pool\plugins\org.eclipse.m2e.maven.runtime_3.9.900.20240824-1409\jars\jansi-2.4.1.jar
2024-12-09 03:58:08,316 [Worker-60: Launching Executing test in C__Users_Sriram_Desktop_Sri_Code_Learning_appium-latest_com.appium.automation] INFO  o.eclipse.m2e.core.internal.Bundles - 	Entry: C:\Users\Sriram\.p2\pool\plugins\org.eclipse.m2e.maven.runtime_3.9.900.20240824-1409\jars\jcl-over-slf4j-1.7.36.jar
2024-12-09 03:58:08,316 [Worker-60: Launching Executing test in C__Users_Sriram_Desktop_Sri_Code_Learning_appium-latest_com.appium.automation] INFO  o.eclipse.m2e.core.internal.Bundles - 	Entry: C:\Users\Sriram\.p2\pool\plugins\org.eclipse.m2e.maven.runtime_3.9.900.20240824-1409\jars\maven-artifact-3.9.9.jar
2024-12-09 03:58:08,317 [Worker-60: Launching Executing test in C__Users_Sriram_Desktop_Sri_Code_Learning_appium-latest_com.appium.automation] INFO  o.eclipse.m2e.core.internal.Bundles - 	Entry: C:\Users\Sriram\.p2\pool\plugins\org.eclipse.m2e.maven.runtime_3.9.900.20240824-1409\jars\maven-builder-support-3.9.9.jar
2024-12-09 03:58:08,317 [Worker-60: Launching Executing test in C__Users_Sriram_Desktop_Sri_Code_Learning_appium-latest_com.appium.automation] INFO  o.eclipse.m2e.core.internal.Bundles - 	Entry: C:\Users\Sriram\.p2\pool\plugins\org.eclipse.m2e.maven.runtime_3.9.900.20240824-1409\jars\maven-compat-3.9.9.jar
2024-12-09 03:58:08,317 [Worker-60: Launching Executing test in C__Users_Sriram_Desktop_Sri_Code_Learning_appium-latest_com.appium.automation] INFO  o.eclipse.m2e.core.internal.Bundles - 	Entry: C:\Users\Sriram\.p2\pool\plugins\org.eclipse.m2e.maven.runtime_3.9.900.20240824-1409\jars\maven-core-3.9.9.jar
2024-12-09 03:58:08,318 [Worker-60: Launching Executing test in C__Users_Sriram_Desktop_Sri_Code_Learning_appium-latest_com.appium.automation] INFO  o.eclipse.m2e.core.internal.Bundles - 	Entry: C:\Users\Sriram\.p2\pool\plugins\org.eclipse.m2e.maven.runtime_3.9.900.20240824-1409\jars\maven-embedder-3.9.9.jar
2024-12-09 03:58:08,318 [Worker-60: Launching Executing test in C__Users_Sriram_Desktop_Sri_Code_Learning_appium-latest_com.appium.automation] INFO  o.eclipse.m2e.core.internal.Bundles - 	Entry: C:\Users\Sriram\.p2\pool\plugins\org.eclipse.m2e.maven.runtime_3.9.900.20240824-1409\jars\maven-model-3.9.9.jar
2024-12-09 03:58:08,319 [Worker-60: Launching Executing test in C__Users_Sriram_Desktop_Sri_Code_Learning_appium-latest_com.appium.automation] INFO  o.eclipse.m2e.core.internal.Bundles - 	Entry: C:\Users\Sriram\.p2\pool\plugins\org.eclipse.m2e.maven.runtime_3.9.900.20240824-1409\jars\maven-model-builder-3.9.9.jar
2024-12-09 03:58:08,319 [Worker-60: Launching Executing test in C__Users_Sriram_Desktop_Sri_Code_Learning_appium-latest_com.appium.automation] INFO  o.eclipse.m2e.core.internal.Bundles - 	Entry: C:\Users\Sriram\.p2\pool\plugins\org.eclipse.m2e.maven.runtime_3.9.900.20240824-1409\jars\maven-plugin-api-3.9.9.jar
2024-12-09 03:58:08,320 [Worker-60: Launching Executing test in C__Users_Sriram_Desktop_Sri_Code_Learning_appium-latest_com.appium.automation] INFO  o.eclipse.m2e.core.internal.Bundles - 	Entry: C:\Users\Sriram\.p2\pool\plugins\org.eclipse.m2e.maven.runtime_3.9.900.20240824-1409\jars\maven-repository-metadata-3.9.9.jar
2024-12-09 03:58:08,320 [Worker-60: Launching Executing test in C__Users_Sriram_Desktop_Sri_Code_Learning_appium-latest_com.appium.automation] INFO  o.eclipse.m2e.core.internal.Bundles - 	Entry: C:\Users\Sriram\.p2\pool\plugins\org.eclipse.m2e.maven.runtime_3.9.900.20240824-1409\jars\maven-resolver-api-1.9.22.jar
2024-12-09 03:58:08,321 [Worker-60: Launching Executing test in C__Users_Sriram_Desktop_Sri_Code_Learning_appium-latest_com.appium.automation] INFO  o.eclipse.m2e.core.internal.Bundles - 	Entry: C:\Users\Sriram\.p2\pool\plugins\org.eclipse.m2e.maven.runtime_3.9.900.20240824-1409\jars\maven-resolver-connector-basic-1.9.22.jar
2024-12-09 03:58:08,321 [Worker-60: Launching Executing test in C__Users_Sriram_Desktop_Sri_Code_Learning_appium-latest_com.appium.automation] INFO  o.eclipse.m2e.core.internal.Bundles - 	Entry: C:\Users\Sriram\.p2\pool\plugins\org.eclipse.m2e.maven.runtime_3.9.900.20240824-1409\jars\maven-resolver-impl-1.9.22.jar
2024-12-09 03:58:08,321 [Worker-60: Launching Executing test in C__Users_Sriram_Desktop_Sri_Code_Learning_appium-latest_com.appium.automation] INFO  o.eclipse.m2e.core.internal.Bundles - 	Entry: C:\Users\Sriram\.p2\pool\plugins\org.eclipse.m2e.maven.runtime_3.9.900.20240824-1409\jars\maven-resolver-named-locks-1.9.22.jar
2024-12-09 03:58:08,322 [Worker-60: Launching Executing test in C__Users_Sriram_Desktop_Sri_Code_Learning_appium-latest_com.appium.automation] INFO  o.eclipse.m2e.core.internal.Bundles - 	Entry: C:\Users\Sriram\.p2\pool\plugins\org.eclipse.m2e.maven.runtime_3.9.900.20240824-1409\jars\maven-resolver-provider-3.9.9.jar
2024-12-09 03:58:08,322 [Worker-60: Launching Executing test in C__Users_Sriram_Desktop_Sri_Code_Learning_appium-latest_com.appium.automation] INFO  o.eclipse.m2e.core.internal.Bundles - 	Entry: C:\Users\Sriram\.p2\pool\plugins\org.eclipse.m2e.maven.runtime_3.9.900.20240824-1409\jars\maven-resolver-spi-1.9.22.jar
2024-12-09 03:58:08,322 [Worker-60: Launching Executing test in C__Users_Sriram_Desktop_Sri_Code_Learning_appium-latest_com.appium.automation] INFO  o.eclipse.m2e.core.internal.Bundles - 	Entry: C:\Users\Sriram\.p2\pool\plugins\org.eclipse.m2e.maven.runtime_3.9.900.20240824-1409\jars\maven-resolver-transport-file-1.9.22.jar
2024-12-09 03:58:08,322 [Worker-60: Launching Executing test in C__Users_Sriram_Desktop_Sri_Code_Learning_appium-latest_com.appium.automation] INFO  o.eclipse.m2e.core.internal.Bundles - 	Entry: C:\Users\Sriram\.p2\pool\plugins\org.eclipse.m2e.maven.runtime_3.9.900.20240824-1409\jars\maven-resolver-transport-http-1.9.22.jar
2024-12-09 03:58:08,322 [Worker-60: Launching Executing test in C__Users_Sriram_Desktop_Sri_Code_Learning_appium-latest_com.appium.automation] INFO  o.eclipse.m2e.core.internal.Bundles - 	Entry: C:\Users\Sriram\.p2\pool\plugins\org.eclipse.m2e.maven.runtime_3.9.900.20240824-1409\jars\maven-resolver-transport-wagon-1.9.22.jar
2024-12-09 03:58:08,323 [Worker-60: Launching Executing test in C__Users_Sriram_Desktop_Sri_Code_Learning_appium-latest_com.appium.automation] INFO  o.eclipse.m2e.core.internal.Bundles - 	Entry: C:\Users\Sriram\.p2\pool\plugins\org.eclipse.m2e.maven.runtime_3.9.900.20240824-1409\jars\maven-resolver-util-1.9.22.jar
2024-12-09 03:58:08,323 [Worker-60: Launching Executing test in C__Users_Sriram_Desktop_Sri_Code_Learning_appium-latest_com.appium.automation] INFO  o.eclipse.m2e.core.internal.Bundles - 	Entry: C:\Users\Sriram\.p2\pool\plugins\org.eclipse.m2e.maven.runtime_3.9.900.20240824-1409\jars\maven-settings-3.9.9.jar
2024-12-09 03:58:08,323 [Worker-60: Launching Executing test in C__Users_Sriram_Desktop_Sri_Code_Learning_appium-latest_com.appium.automation] INFO  o.eclipse.m2e.core.internal.Bundles - 	Entry: C:\Users\Sriram\.p2\pool\plugins\org.eclipse.m2e.maven.runtime_3.9.900.20240824-1409\jars\maven-settings-builder-3.9.9.jar
2024-12-09 03:58:08,323 [Worker-60: Launching Executing test in C__Users_Sriram_Desktop_Sri_Code_Learning_appium-latest_com.appium.automation] INFO  o.eclipse.m2e.core.internal.Bundles - 	Entry: C:\Users\Sriram\.p2\pool\plugins\org.eclipse.m2e.maven.runtime_3.9.900.20240824-1409\jars\maven-shared-utils-3.4.2.jar
2024-12-09 03:58:08,324 [Worker-60: Launching Executing test in C__Users_Sriram_Desktop_Sri_Code_Learning_appium-latest_com.appium.automation] INFO  o.eclipse.m2e.core.internal.Bundles - 	Entry: C:\Users\Sriram\.p2\pool\plugins\org.eclipse.m2e.maven.runtime_3.9.900.20240824-1409\jars\org.eclipse.sisu.inject-0.9.0.M3.jar
2024-12-09 03:58:08,324 [Worker-60: Launching Executing test in C__Users_Sriram_Desktop_Sri_Code_Learning_appium-latest_com.appium.automation] INFO  o.eclipse.m2e.core.internal.Bundles - 	Entry: C:\Users\Sriram\.p2\pool\plugins\org.eclipse.m2e.maven.runtime_3.9.900.20240824-1409\jars\org.eclipse.sisu.plexus-0.9.0.M3.jar
2024-12-09 03:58:08,324 [Worker-60: Launching Executing test in C__Users_Sriram_Desktop_Sri_Code_Learning_appium-latest_com.appium.automation] INFO  o.eclipse.m2e.core.internal.Bundles - 	Entry: C:\Users\Sriram\.p2\pool\plugins\org.eclipse.m2e.maven.runtime_3.9.900.20240824-1409\jars\plexus-build-api-0.0.7.jar
2024-12-09 03:58:08,324 [Worker-60: Launching Executing test in C__Users_Sriram_Desktop_Sri_Code_Learning_appium-latest_com.appium.automation] INFO  o.eclipse.m2e.core.internal.Bundles - 	Entry: C:\Users\Sriram\.p2\pool\plugins\org.eclipse.m2e.maven.runtime_3.9.900.20240824-1409\jars\plexus-build-api-1.2.0.jar
2024-12-09 03:58:08,325 [Worker-60: Launching Executing test in C__Users_Sriram_Desktop_Sri_Code_Learning_appium-latest_com.appium.automation] INFO  o.eclipse.m2e.core.internal.Bundles - 	Entry: C:\Users\Sriram\.p2\pool\plugins\org.eclipse.m2e.maven.runtime_3.9.900.20240824-1409\jars\plexus-cipher-2.0.jar
2024-12-09 03:58:08,325 [Worker-60: Launching Executing test in C__Users_Sriram_Desktop_Sri_Code_Learning_appium-latest_com.appium.automation] INFO  o.eclipse.m2e.core.internal.Bundles - 	Entry: C:\Users\Sriram\.p2\pool\plugins\org.eclipse.m2e.maven.runtime_3.9.900.20240824-1409\jars\plexus-classworlds-2.8.0.jar
2024-12-09 03:58:08,325 [Worker-60: Launching Executing test in C__Users_Sriram_Desktop_Sri_Code_Learning_appium-latest_com.appium.automation] INFO  o.eclipse.m2e.core.internal.Bundles - 	Entry: C:\Users\Sriram\.p2\pool\plugins\org.eclipse.m2e.maven.runtime_3.9.900.20240824-1409\jars\plexus-component-annotations-2.1.0.jar
2024-12-09 03:58:08,325 [Worker-60: Launching Executing test in C__Users_Sriram_Desktop_Sri_Code_Learning_appium-latest_com.appium.automation] INFO  o.eclipse.m2e.core.internal.Bundles - 	Entry: C:\Users\Sriram\.p2\pool\plugins\org.eclipse.m2e.maven.runtime_3.9.900.20240824-1409\jars\plexus-interpolation-1.27.jar
2024-12-09 03:58:08,327 [Worker-60: Launching Executing test in C__Users_Sriram_Desktop_Sri_Code_Learning_appium-latest_com.appium.automation] INFO  o.eclipse.m2e.core.internal.Bundles - 	Entry: C:\Users\Sriram\.p2\pool\plugins\org.eclipse.m2e.maven.runtime_3.9.900.20240824-1409\jars\plexus-sec-dispatcher-2.0.jar
2024-12-09 03:58:08,327 [Worker-60: Launching Executing test in C__Users_Sriram_Desktop_Sri_Code_Learning_appium-latest_com.appium.automation] INFO  o.eclipse.m2e.core.internal.Bundles - 	Entry: C:\Users\Sriram\.p2\pool\plugins\org.eclipse.m2e.maven.runtime_3.9.900.20240824-1409\jars\plexus-utils-3.5.1.jar
2024-12-09 03:58:08,327 [Worker-60: Launching Executing test in C__Users_Sriram_Desktop_Sri_Code_Learning_appium-latest_com.appium.automation] INFO  o.eclipse.m2e.core.internal.Bundles - 	Entry: C:\Users\Sriram\.p2\pool\plugins\org.eclipse.m2e.maven.runtime_3.9.900.20240824-1409\jars\plexus-xml-3.0.1.jar
2024-12-09 03:58:08,328 [Worker-60: Launching Executing test in C__Users_Sriram_Desktop_Sri_Code_Learning_appium-latest_com.appium.automation] INFO  o.eclipse.m2e.core.internal.Bundles - 	Entry: C:\Users\Sriram\.p2\pool\plugins\org.eclipse.m2e.maven.runtime_3.9.900.20240824-1409\jars\wagon-file-3.5.3.jar
2024-12-09 03:58:08,328 [Worker-60: Launching Executing test in C__Users_Sriram_Desktop_Sri_Code_Learning_appium-latest_com.appium.automation] INFO  o.eclipse.m2e.core.internal.Bundles - 	Entry: C:\Users\Sriram\.p2\pool\plugins\org.eclipse.m2e.maven.runtime_3.9.900.20240824-1409\jars\wagon-http-3.5.3.jar
2024-12-09 03:58:08,328 [Worker-60: Launching Executing test in C__Users_Sriram_Desktop_Sri_Code_Learning_appium-latest_com.appium.automation] INFO  o.eclipse.m2e.core.internal.Bundles - 	Entry: C:\Users\Sriram\.p2\pool\plugins\org.eclipse.m2e.maven.runtime_3.9.900.20240824-1409\jars\wagon-http-shared-3.5.3.jar
2024-12-09 03:58:08,329 [Worker-60: Launching Executing test in C__Users_Sriram_Desktop_Sri_Code_Learning_appium-latest_com.appium.automation] INFO  o.eclipse.m2e.core.internal.Bundles - 	Entry: C:\Users\Sriram\.p2\pool\plugins\org.eclipse.m2e.maven.runtime_3.9.900.20240824-1409\jars\wagon-provider-api-3.5.3.jar
2024-12-09 03:58:08,329 [Worker-60: Launching Executing test in C__Users_Sriram_Desktop_Sri_Code_Learning_appium-latest_com.appium.automation] INFO  o.eclipse.m2e.core.internal.Bundles - getClasspathEntries(Bundle=com.google.guava_33.3.1.jre [537])
2024-12-09 03:58:08,330 [Worker-60: Launching Executing test in C__Users_Sriram_Desktop_Sri_Code_Learning_appium-latest_com.appium.automation] INFO  o.eclipse.m2e.core.internal.Bundles - 	Entry: C:\Users\Sriram\.p2\pool\plugins\com.google.guava_33.3.1.jre.jar
2024-12-09 03:58:08,331 [Worker-60: Launching Executing test in C__Users_Sriram_Desktop_Sri_Code_Learning_appium-latest_com.appium.automation] INFO  o.eclipse.m2e.core.internal.Bundles - getClasspathEntries(Bundle=slf4j.api_2.0.16 [521])
2024-12-09 03:58:08,332 [Worker-60: Launching Executing test in C__Users_Sriram_Desktop_Sri_Code_Learning_appium-latest_com.appium.automation] INFO  o.eclipse.m2e.core.internal.Bundles - 	Entry: C:\Users\Sriram\.p2\pool\plugins\slf4j.api_2.0.16.jar
2024-12-09 03:58:08,332 [Worker-60: Launching Executing test in C__Users_Sriram_Desktop_Sri_Code_Learning_appium-latest_com.appium.automation] INFO  o.eclipse.m2e.core.internal.Bundles - getClasspathEntries(Bundle=jakarta.inject.jakarta.inject-api_1.0.5 [22])
2024-12-09 03:58:08,334 [Worker-60: Launching Executing test in C__Users_Sriram_Desktop_Sri_Code_Learning_appium-latest_com.appium.automation] INFO  o.eclipse.m2e.core.internal.Bundles - 	Entry: C:\Users\Sriram\.p2\pool\plugins\jakarta.inject.jakarta.inject-api_1.0.5.jar
2024-12-09 03:58:08,334 [Worker-60: Launching Executing test in C__Users_Sriram_Desktop_Sri_Code_Learning_appium-latest_com.appium.automation] INFO  o.eclipse.m2e.core.internal.Bundles - getClasspathEntries(Bundle=jakarta.annotation-api_1.3.5 [20])
2024-12-09 03:58:08,335 [Worker-60: Launching Executing test in C__Users_Sriram_Desktop_Sri_Code_Learning_appium-latest_com.appium.automation] INFO  o.eclipse.m2e.core.internal.Bundles - 	Entry: C:\Users\Sriram\.p2\pool\plugins\jakarta.annotation-api_1.3.5.jar
2024-12-09 03:58:08,335 [Worker-60: Launching Executing test in C__Users_Sriram_Desktop_Sri_Code_Learning_appium-latest_com.appium.automation] INFO  o.eclipse.m2e.core.internal.Bundles - getClasspathEntries(Bundle=org.apache.commons.cli_1.9.0 [47])
2024-12-09 03:58:08,337 [Worker-60: Launching Executing test in C__Users_Sriram_Desktop_Sri_Code_Learning_appium-latest_com.appium.automation] INFO  o.eclipse.m2e.core.internal.Bundles - 	Entry: C:\Users\Sriram\.p2\pool\plugins\org.apache.commons.cli_1.9.0.jar
2024-12-09 03:58:08,337 [Worker-60: Launching Executing test in C__Users_Sriram_Desktop_Sri_Code_Learning_appium-latest_com.appium.automation] INFO  o.eclipse.m2e.core.internal.Bundles - getClasspathEntries(Bundle=org.apache.commons.commons-codec_1.16.0 [50])
2024-12-09 03:58:08,337 [Worker-60: Launching Executing test in C__Users_Sriram_Desktop_Sri_Code_Learning_appium-latest_com.appium.automation] INFO  o.eclipse.m2e.core.internal.Bundles - 	Entry: C:\Users\Sriram\.p2\pool\plugins\org.apache.commons.commons-codec_1.16.0.jar
2024-12-09 03:58:08,337 [Worker-60: Launching Executing test in C__Users_Sriram_Desktop_Sri_Code_Learning_appium-latest_com.appium.automation] INFO  o.eclipse.m2e.core.internal.Bundles - getClasspathEntries(Bundle=com.google.guava.failureaccess_1.0.2 [11])
2024-12-09 03:58:08,339 [Worker-60: Launching Executing test in C__Users_Sriram_Desktop_Sri_Code_Learning_appium-latest_com.appium.automation] INFO  o.eclipse.m2e.core.internal.Bundles - 	Entry: C:\Users\Sriram\.p2\pool\plugins\com.google.guava.failureaccess_1.0.2.jar
2024-12-09 03:58:08,343 [Worker-60: Launching Executing test in C__Users_Sriram_Desktop_Sri_Code_Learning_appium-latest_com.appium.automation] INFO  o.e.m.i.launch.MavenLaunchDelegate - Run build in "C:\Users\Sriram\Desktop\Sri_Code\Learning\appium-latest\com.appium.automation":
2024-12-09 03:58:08,343 [Worker-60: Launching Executing test in C__Users_Sriram_Desktop_Sri_Code_Learning_appium-latest_com.appium.automation] INFO  o.e.m.i.launch.MavenLaunchDelegate -  mvn  -B -Dstyle.color=always test
2024-12-09 03:59:33,726 [Worker-60: Building] WARN  o.a.m.s.f.DefaultMavenResourcesFiltering - Using platform encoding (UTF-8 actually) to copy filtered resources, i.e. build is platform dependent!
2024-12-09 03:59:33,730 [Worker-60: Building] INFO  o.a.m.s.f.DefaultMavenResourcesFiltering - Copying 0 resource from src\main\resources to target\classes
2024-12-09 03:59:33,735 [Worker-60: Building] WARN  o.a.m.s.f.DefaultMavenResourcesFiltering - Using platform encoding (UTF-8 actually) to copy filtered resources, i.e. build is platform dependent!
2024-12-09 03:59:33,739 [Worker-60: Building] INFO  o.a.m.s.f.DefaultMavenResourcesFiltering - Copying 1 resource from src\test\resources to target\test-classes
2024-12-09 04:23:44,802 [Worker-67: Building] WARN  o.a.m.s.f.DefaultMavenResourcesFiltering - Using platform encoding (UTF-8 actually) to copy filtered resources, i.e. build is platform dependent!
2024-12-09 04:23:44,806 [Worker-67: Building] INFO  o.a.m.s.f.DefaultMavenResourcesFiltering - Copying 0 resource from src\main\resources to target\classes
2024-12-09 04:23:44,810 [Worker-67: Building] WARN  o.a.m.s.f.DefaultMavenResourcesFiltering - Using platform encoding (UTF-8 actually) to copy filtered resources, i.e. build is platform dependent!
2024-12-09 04:23:44,812 [Worker-67: Building] INFO  o.a.m.s.f.DefaultMavenResourcesFiltering - Copying 1 resource from src\test\resources to target\test-classes
2024-12-09 04:25:44,811 [Worker-64: Building] WARN  o.a.m.s.f.DefaultMavenResourcesFiltering - Using platform encoding (UTF-8 actually) to copy filtered resources, i.e. build is platform dependent!
2024-12-09 04:25:44,813 [Worker-64: Building] INFO  o.a.m.s.f.DefaultMavenResourcesFiltering - Copying 0 resource from src\main\resources to target\classes
2024-12-09 04:25:44,815 [Worker-64: Building] WARN  o.a.m.s.f.DefaultMavenResourcesFiltering - Using platform encoding (UTF-8 actually) to copy filtered resources, i.e. build is platform dependent!
2024-12-09 04:25:44,818 [Worker-64: Building] INFO  o.a.m.s.f.DefaultMavenResourcesFiltering - Copying 1 resource from src\test\resources to target\test-classes
2024-12-09 04:39:41,503 [Worker-67: Building] WARN  o.a.m.s.f.DefaultMavenResourcesFiltering - Using platform encoding (UTF-8 actually) to copy filtered resources, i.e. build is platform dependent!
2024-12-09 04:39:41,505 [Worker-67: Building] INFO  o.a.m.s.f.DefaultMavenResourcesFiltering - Copying 0 resource from src\main\resources to target\classes
2024-12-09 04:39:41,508 [Worker-67: Building] WARN  o.a.m.s.f.DefaultMavenResourcesFiltering - Using platform encoding (UTF-8 actually) to copy filtered resources, i.e. build is platform dependent!
2024-12-09 04:39:41,510 [Worker-67: Building] INFO  o.a.m.s.f.DefaultMavenResourcesFiltering - Copying 0 resource from src\test\resources to target\test-classes
2024-12-09 04:43:10,362 [Worker-69: Building] WARN  o.a.m.s.f.DefaultMavenResourcesFiltering - Using platform encoding (UTF-8 actually) to copy filtered resources, i.e. build is platform dependent!
2024-12-09 04:43:10,366 [Worker-69: Building] INFO  o.a.m.s.f.DefaultMavenResourcesFiltering - Copying 0 resource from src\main\resources to target\classes
2024-12-09 04:43:10,368 [Worker-69: Building] WARN  o.a.m.s.f.DefaultMavenResourcesFiltering - Using platform encoding (UTF-8 actually) to copy filtered resources, i.e. build is platform dependent!
2024-12-09 04:43:10,371 [Worker-69: Building] INFO  o.a.m.s.f.DefaultMavenResourcesFiltering - Copying 1 resource from src\test\resources to target\test-classes
2024-12-09 04:44:54,336 [Worker-70: Building] WARN  o.a.m.s.f.DefaultMavenResourcesFiltering - Using platform encoding (UTF-8 actually) to copy filtered resources, i.e. build is platform dependent!
2024-12-09 04:44:54,339 [Worker-70: Building] INFO  o.a.m.s.f.DefaultMavenResourcesFiltering - Copying 0 resource from src\main\resources to target\classes
2024-12-09 04:44:54,342 [Worker-70: Building] WARN  o.a.m.s.f.DefaultMavenResourcesFiltering - Using platform encoding (UTF-8 actually) to copy filtered resources, i.e. build is platform dependent!
2024-12-09 04:44:54,344 [Worker-70: Building] INFO  o.a.m.s.f.DefaultMavenResourcesFiltering - Copying 1 resource from src\test\resources to target\test-classes
2024-12-09 04:47:50,593 [Worker-72: Building] WARN  o.a.m.s.f.DefaultMavenResourcesFiltering - Using platform encoding (UTF-8 actually) to copy filtered resources, i.e. build is platform dependent!
2024-12-09 04:47:50,595 [Worker-72: Building] INFO  o.a.m.s.f.DefaultMavenResourcesFiltering - Copying 0 resource from src\main\resources to target\classes
2024-12-09 04:47:50,599 [Worker-72: Building] WARN  o.a.m.s.f.DefaultMavenResourcesFiltering - Using platform encoding (UTF-8 actually) to copy filtered resources, i.e. build is platform dependent!
2024-12-09 04:47:50,601 [Worker-72: Building] INFO  o.a.m.s.f.DefaultMavenResourcesFiltering - Copying 0 resource from src\test\resources to target\test-classes
2024-12-09 09:15:35,941 [Worker-4: Loading available Gradle versions] INFO  o.e.b.c.i.u.g.PublishedGradleVersions - Gradle version information cache is up-to-date. Trying to read.
2024-12-09 09:18:53,495 [Worker-33: Building] WARN  o.a.m.s.f.DefaultMavenResourcesFiltering - Using platform encoding (UTF-8 actually) to copy filtered resources, i.e. build is platform dependent!
2024-12-09 09:18:53,502 [Worker-33: Building] INFO  o.a.m.s.f.DefaultMavenResourcesFiltering - Copying 0 resource from src\main\resources to target\classes
2024-12-09 09:18:53,509 [Worker-33: Building] WARN  o.a.m.s.f.DefaultMavenResourcesFiltering - Using platform encoding (UTF-8 actually) to copy filtered resources, i.e. build is platform dependent!
2024-12-09 09:18:53,512 [Worker-33: Building] INFO  o.a.m.s.f.DefaultMavenResourcesFiltering - Copying 1 resource from src\test\resources to target\test-classes
2024-12-09 18:21:53,047 [Worker-6: Loading available Gradle versions] INFO  o.e.b.c.i.u.g.PublishedGradleVersions - Gradle version information cache is up-to-date. Trying to read.
2024-12-09 19:09:12,597 [Worker-61: Building] WARN  o.a.m.s.f.DefaultMavenResourcesFiltering - Using platform encoding (UTF-8 actually) to copy filtered resources, i.e. build is platform dependent!
2024-12-09 19:09:12,613 [Worker-61: Building] INFO  o.a.m.s.f.DefaultMavenResourcesFiltering - Copying 0 resource from src\main\resources to target\classes
2024-12-09 19:09:12,620 [Worker-61: Building] WARN  o.a.m.s.f.DefaultMavenResourcesFiltering - Using platform encoding (UTF-8 actually) to copy filtered resources, i.e. build is platform dependent!
2024-12-09 19:09:12,622 [Worker-61: Building] INFO  o.a.m.s.f.DefaultMavenResourcesFiltering - Copying 1 resource from src\test\resources to target\test-classes
2024-12-09 19:17:17,773 [Worker-64: Building] WARN  o.a.m.s.f.DefaultMavenResourcesFiltering - Using platform encoding (UTF-8 actually) to copy filtered resources, i.e. build is platform dependent!
2024-12-09 19:17:17,776 [Worker-64: Building] INFO  o.a.m.s.f.DefaultMavenResourcesFiltering - Copying 0 resource from src\main\resources to target\classes
2024-12-09 19:17:17,779 [Worker-64: Building] WARN  o.a.m.s.f.DefaultMavenResourcesFiltering - Using platform encoding (UTF-8 actually) to copy filtered resources, i.e. build is platform dependent!
2024-12-09 19:17:17,781 [Worker-64: Building] INFO  o.a.m.s.f.DefaultMavenResourcesFiltering - Copying 1 resource from src\test\resources to target\test-classes
2024-12-09 19:22:04,539 [Worker-64: Building] WARN  o.a.m.s.f.DefaultMavenResourcesFiltering - Using platform encoding (UTF-8 actually) to copy filtered resources, i.e. build is platform dependent!
2024-12-09 19:22:04,541 [Worker-64: Building] INFO  o.a.m.s.f.DefaultMavenResourcesFiltering - Copying 0 resource from src\main\resources to target\classes
2024-12-09 19:22:04,545 [Worker-64: Building] WARN  o.a.m.s.f.DefaultMavenResourcesFiltering - Using platform encoding (UTF-8 actually) to copy filtered resources, i.e. build is platform dependent!
2024-12-09 19:22:04,547 [Worker-64: Building] INFO  o.a.m.s.f.DefaultMavenResourcesFiltering - Copying 1 resource from src\test\resources to target\test-classes
2024-12-09 19:24:56,622 [Worker-64: Building] WARN  o.a.m.s.f.DefaultMavenResourcesFiltering - Using platform encoding (UTF-8 actually) to copy filtered resources, i.e. build is platform dependent!
2024-12-09 19:24:56,624 [Worker-64: Building] INFO  o.a.m.s.f.DefaultMavenResourcesFiltering - Copying 0 resource from src\main\resources to target\classes
2024-12-09 19:24:56,626 [Worker-64: Building] WARN  o.a.m.s.f.DefaultMavenResourcesFiltering - Using platform encoding (UTF-8 actually) to copy filtered resources, i.e. build is platform dependent!
2024-12-09 19:24:56,627 [Worker-64: Building] INFO  o.a.m.s.f.DefaultMavenResourcesFiltering - Copying 1 resource from src\test\resources to target\test-classes
2024-12-09 19:35:28,499 [Worker-73: Building] WARN  o.a.m.s.f.DefaultMavenResourcesFiltering - Using platform encoding (UTF-8 actually) to copy filtered resources, i.e. build is platform dependent!
2024-12-09 19:35:28,501 [Worker-73: Building] INFO  o.a.m.s.f.DefaultMavenResourcesFiltering - Copying 0 resource from src\main\resources to target\classes
2024-12-09 19:35:28,503 [Worker-73: Building] WARN  o.a.m.s.f.DefaultMavenResourcesFiltering - Using platform encoding (UTF-8 actually) to copy filtered resources, i.e. build is platform dependent!
2024-12-09 19:35:28,507 [Worker-73: Building] INFO  o.a.m.s.f.DefaultMavenResourcesFiltering - Copying 0 resource from src\test\resources to target\test-classes
2024-12-09 19:35:50,565 [Worker-2: Loading available Gradle versions] INFO  o.e.b.c.i.u.g.PublishedGradleVersions - Gradle version information cache is up-to-date. Trying to read.
